Log file opened on Sun Jan 24 13:01:51 2021
Host: node1731.oscar.ccv.brown.edu  pid: 140361  rank ID: 0  number of ranks:  1
                      :-) GROMACS - gmx mdrun, 2018.2 (-:

                            GROMACS is written by:
     Emile Apol      Rossen Apostolov      Paul Bauer     Herman J.C. Berendsen
    Par Bjelkmar    Aldert van Buuren   Rudi van Drunen     Anton Feenstra  
  Gerrit Groenhof    Aleksei Iupinov   Christoph Junghans   Anca Hamuraru   
 Vincent Hindriksen Dimitrios Karkoulis    Peter Kasson        Jiri Kraus    
  Carsten Kutzner      Per Larsson      Justin A. Lemkul    Viveca Lindahl  
  Magnus Lundborg   Pieter Meulenhoff    Erik Marklund      Teemu Murtola   
    Szilard Pall       Sander Pronk      Roland Schulz     Alexey Shvetsov  
   Michael Shirts     Alfons Sijbers     Peter Tieleman    Teemu Virolainen 
 Christian Wennberg    Maarten Wolf   
                           and the project leaders:
        Mark Abraham, Berk Hess, Erik Lindahl, and David van der Spoel

Copyright (c) 1991-2000, University of Groningen, The Netherlands.
Copyright (c) 2001-2017, The GROMACS development team at
Uppsala University, Stockholm University and
the Royal Institute of Technology, Sweden.
check out http://www.gromacs.org for more information.

GROMACS is free software; you can redistribute it and/or modify it
under the terms of the GNU Lesser General Public License
as published by the Free Software Foundation; either version 2.1
of the License, or (at your option) any later version.

GROMACS:      gmx mdrun, version 2018.2
Executable:   /gpfs/runtime/opt/gromacs/2018.2/bin/gmx
Data prefix:  /gpfs/runtime/opt/gromacs/2018.2
Working dir:  /gpfs/data/brubenst/gmontei2/htmd/gromacs/adaptivemd/input/e1s1_generators
Command line:
  gmx mdrun -v -stepout 10 -s md.tpr -deffnm md -c md.pdb

GROMACS version:    2018.2
Precision:          single
Memory model:       64 bit
MPI library:        thread_mpi
OpenMP support:     enabled (GMX_OPENMP_MAX_THREADS = 64)
GPU support:        disabled
SIMD instructions:  AVX_256
FFT library:        fftw-3.3.8-sse2-avx-avx2-avx2_128
RDTSCP usage:       enabled
TNG support:        enabled
Hwloc support:      disabled
Tracing support:    disabled
Built on:           2018-07-11 19:45:04
Built by:           hkershaw@login003.oscar.ccv.brown.edu [CMAKE]
Build OS/arch:      Linux 3.10.0-514.el7.x86_64 x86_64
Build CPU vendor:   Intel
Build CPU brand:    Intel(R) Xeon(R) CPU E5-2670 0 @ 2.60GHz
Build CPU family:   6   Model: 45   Stepping: 7
Build CPU features: aes apic avx clfsh cmov cx8 cx16 htt intel lahf mmx msr nonstop_tsc pcid pclmuldq pdcm pdpe1gb popcnt pse rdtscp sse2 sse3 sse4.1 sse4.2 ssse3 tdt x2apic
C compiler:         /usr/bin/cc GNU 4.8.5
C compiler flags:    -mavx     -O3 -DNDEBUG -funroll-all-loops -fexcess-precision=fast  
C++ compiler:       /usr/bin/c++ GNU 4.8.5
C++ compiler flags:  -mavx    -std=c++11   -O3 -DNDEBUG -funroll-all-loops -fexcess-precision=fast  


Running on 1 node with total 32 cores, 32 logical cores
Hardware detected:
  CPU info:
    Vendor: Intel
    Brand:  Intel(R) Xeon(R) Gold 6242 CPU @ 2.80GHz
    Family: 6   Model: 85   Stepping: 7
    Features: aes apic avx avx2 avx512f avx512cd avx512bw avx512vl clfsh cmov cx8 cx16 f16c fma hle htt intel lahf mmx msr nonstop_tsc pcid pclmuldq pdcm pdpe1gb popcnt pse rdrnd rdtscp rtm sse2 sse3 sse4.1 sse4.2 ssse3 tdt x2apic
    Number of AVX-512 FMA units: Cannot run AVX-512 detection - assuming 2
  Hardware topology: Basic
    Sockets, cores, and logical processors:
      Socket  0: [   0] [   1] [   2] [   3] [   4] [   5] [   6] [   7] [   8] [   9] [  10] [  11] [  12] [  13] [  14] [  15]
      Socket  1: [  16] [  17] [  18] [  19] [  20] [  21] [  22] [  23] [  24] [  25] [  26] [  27] [  28] [  29] [  30] [  31]

Highest SIMD level requested by all nodes in run: AVX_512
SIMD instructions selected at compile time:       AVX_256
This program was compiled for different hardware than you are running on,
which could influence performance.

++++ PLEASE READ AND CITE THE FOLLOWING REFERENCE ++++
M. J. Abraham, T. Murtola, R. Schulz, S. Páll, J. C. Smith, B. Hess, E.
Lindahl
GROMACS: High performance molecular simulations through multi-level
parallelism from laptops to supercomputers
SoftwareX 1 (2015) pp. 19-25
-------- -------- --- Thank You --- -------- --------


++++ PLEASE READ AND CITE THE FOLLOWING REFERENCE ++++
S. Páll, M. J. Abraham, C. Kutzner, B. Hess, E. Lindahl
Tackling Exascale Software Challenges in Molecular Dynamics Simulations with
GROMACS
In S. Markidis & E. Laure (Eds.), Solving Software Challenges for Exascale 8759 (2015) pp. 3-27
-------- -------- --- Thank You --- -------- --------


++++ PLEASE READ AND CITE THE FOLLOWING REFERENCE ++++
S. Pronk, S. Páll, R. Schulz, P. Larsson, P. Bjelkmar, R. Apostolov, M. R.
Shirts, J. C. Smith, P. M. Kasson, D. van der Spoel, B. Hess, and E. Lindahl
GROMACS 4.5: a high-throughput and highly parallel open source molecular
simulation toolkit
Bioinformatics 29 (2013) pp. 845-54
-------- -------- --- Thank You --- -------- --------


++++ PLEASE READ AND CITE THE FOLLOWING REFERENCE ++++
B. Hess and C. Kutzner and D. van der Spoel and E. Lindahl
GROMACS 4: Algorithms for highly efficient, load-balanced, and scalable
molecular simulation
J. Chem. Theory Comput. 4 (2008) pp. 435-447
-------- -------- --- Thank You --- -------- --------


++++ PLEASE READ AND CITE THE FOLLOWING REFERENCE ++++
D. van der Spoel, E. Lindahl, B. Hess, G. Groenhof, A. E. Mark and H. J. C.
Berendsen
GROMACS: Fast, Flexible and Free
J. Comp. Chem. 26 (2005) pp. 1701-1719
-------- -------- --- Thank You --- -------- --------


++++ PLEASE READ AND CITE THE FOLLOWING REFERENCE ++++
E. Lindahl and B. Hess and D. van der Spoel
GROMACS 3.0: A package for molecular simulation and trajectory analysis
J. Mol. Mod. 7 (2001) pp. 306-317
-------- -------- --- Thank You --- -------- --------


++++ PLEASE READ AND CITE THE FOLLOWING REFERENCE ++++
H. J. C. Berendsen, D. van der Spoel and R. van Drunen
GROMACS: A message-passing parallel molecular dynamics implementation
Comp. Phys. Comm. 91 (1995) pp. 43-56
-------- -------- --- Thank You --- -------- --------

Input Parameters:
   integrator                     = md
   tinit                          = 0
   dt                             = 0.002
   nsteps                         = 250000
   init-step                      = 0
   simulation-part                = 1
   comm-mode                      = Linear
   nstcomm                        = 100
   bd-fric                        = 0
   ld-seed                        = 1548683608
   emtol                          = 10
   emstep                         = 0.01
   niter                          = 20
   fcstep                         = 0
   nstcgsteep                     = 1000
   nbfgscorr                      = 10
   rtpi                           = 0.05
   nstxout                        = 0
   nstvout                        = 0
   nstfout                        = 0
   nstlog                         = 5000
   nstcalcenergy                  = 100
   nstenergy                      = 5000
   nstxout-compressed             = 5000
   compressed-x-precision         = 1000
   cutoff-scheme                  = Verlet
   nstlist                        = 10
   ns-type                        = Grid
   pbc                            = xyz
   periodic-molecules             = false
   verlet-buffer-tolerance        = 0.005
   rlist                          = 1
   coulombtype                    = PME
   coulomb-modifier               = Potential-shift
   rcoulomb-switch                = 0
   rcoulomb                       = 1
   epsilon-r                      = 1
   epsilon-rf                     = inf
   vdw-type                       = Cut-off
   vdw-modifier                   = Potential-shift
   rvdw-switch                    = 0
   rvdw                           = 1
   DispCorr                       = EnerPres
   table-extension                = 1
   fourierspacing                 = 0.16
   fourier-nx                     = 48
   fourier-ny                     = 48
   fourier-nz                     = 48
   pme-order                      = 4
   ewald-rtol                     = 1e-05
   ewald-rtol-lj                  = 0.001
   lj-pme-comb-rule               = Geometric
   ewald-geometry                 = 0
   epsilon-surface                = 0
   implicit-solvent               = No
   gb-algorithm                   = Still
   nstgbradii                     = 1
   rgbradii                       = 1
   gb-epsilon-solvent             = 80
   gb-saltconc                    = 0
   gb-obc-alpha                   = 1
   gb-obc-beta                    = 0.8
   gb-obc-gamma                   = 4.85
   gb-dielectric-offset           = 0.009
   sa-algorithm                   = Ace-approximation
   sa-surface-tension             = 2.05016
   tcoupl                         = V-rescale
   nsttcouple                     = 10
   nh-chain-length                = 0
   print-nose-hoover-chain-variables = false
   pcoupl                         = Parrinello-Rahman
   pcoupltype                     = Isotropic
   nstpcouple                     = 10
   tau-p                          = 2
   compressibility (3x3):
      compressibility[    0]={ 4.50000e-05,  0.00000e+00,  0.00000e+00}
      compressibility[    1]={ 0.00000e+00,  4.50000e-05,  0.00000e+00}
      compressibility[    2]={ 0.00000e+00,  0.00000e+00,  4.50000e-05}
   ref-p (3x3):
      ref-p[    0]={ 1.00000e+00,  0.00000e+00,  0.00000e+00}
      ref-p[    1]={ 0.00000e+00,  1.00000e+00,  0.00000e+00}
      ref-p[    2]={ 0.00000e+00,  0.00000e+00,  1.00000e+00}
   refcoord-scaling               = No
   posres-com (3):
      posres-com[0]= 0.00000e+00
      posres-com[1]= 0.00000e+00
      posres-com[2]= 0.00000e+00
   posres-comB (3):
      posres-comB[0]= 0.00000e+00
      posres-comB[1]= 0.00000e+00
      posres-comB[2]= 0.00000e+00
   QMMM                           = false
   QMconstraints                  = 0
   QMMMscheme                     = 0
   MMChargeScaleFactor            = 1
qm-opts:
   ngQM                           = 0
   constraint-algorithm           = Lincs
   continuation                   = true
   Shake-SOR                      = false
   shake-tol                      = 0.0001
   lincs-order                    = 4
   lincs-iter                     = 1
   lincs-warnangle                = 30
   nwall                          = 0
   wall-type                      = 9-3
   wall-r-linpot                  = -1
   wall-atomtype[0]               = -1
   wall-atomtype[1]               = -1
   wall-density[0]                = 0
   wall-density[1]                = 0
   wall-ewald-zfac                = 3
   pull                           = false
   awh                            = false
   rotation                       = false
   interactiveMD                  = false
   disre                          = No
   disre-weighting                = Conservative
   disre-mixed                    = false
   dr-fc                          = 1000
   dr-tau                         = 0
   nstdisreout                    = 100
   orire-fc                       = 0
   orire-tau                      = 0
   nstorireout                    = 100
   free-energy                    = no
   cos-acceleration               = 0
   deform (3x3):
      deform[    0]={ 0.00000e+00,  0.00000e+00,  0.00000e+00}
      deform[    1]={ 0.00000e+00,  0.00000e+00,  0.00000e+00}
      deform[    2]={ 0.00000e+00,  0.00000e+00,  0.00000e+00}
   simulated-tempering            = false
   swapcoords                     = no
   userint1                       = 0
   userint2                       = 0
   userint3                       = 0
   userint4                       = 0
   userreal1                      = 0
   userreal2                      = 0
   userreal3                      = 0
   userreal4                      = 0
   applied-forces:
     electric-field:
       x:
         E0                       = 0
         omega                    = 0
         t0                       = 0
         sigma                    = 0
       y:
         E0                       = 0
         omega                    = 0
         t0                       = 0
         sigma                    = 0
       z:
         E0                       = 0
         omega                    = 0
         t0                       = 0
         sigma                    = 0
grpopts:
   nrdf:     4920.81     72825.2
   ref-t:         300         300
   tau-t:         0.1         0.1
annealing:          No          No
annealing-npoints:           0           0
   acc:	           0           0           0
   nfreeze:           N           N           N
   energygrp-flags[  0]: 0

Changing nstlist from 10 to 50, rlist from 1 to 1.108


Initializing Domain Decomposition on 32 ranks
Dynamic load balancing: locked
Initial maximum inter charge-group distances:
    two-body bonded interactions: 0.448 nm, LJ-14, atoms 1156 1405
  multi-body bonded interactions: 0.448 nm, Proper Dih., atoms 1156 1405
Minimum cell size due to bonded interactions: 0.493 nm
Maximum distance for 5 constraints, at 120 deg. angles, all-trans: 0.218 nm
Estimated maximum distance required for P-LINCS: 0.218 nm
Guess for relative PME load: 0.15
Will use 24 particle-particle and 8 PME only ranks
This is a guess, check the performance at the end of the log file
Using 8 separate PME ranks, as guessed by mdrun
Scaling the initial minimum size with 1/0.8 (option -dds) = 1.25
Optimizing the DD grid for 24 cells with a minimum initial size of 0.617 nm
The maximum allowed number of cells is: X 11 Y 11 Z 11
Domain decomposition grid 8 x 3 x 1, separate PME ranks 8
PME domain decomposition: 8 x 1 x 1
Interleaving PP and PME ranks
This rank does only particle-particle work.

Domain decomposition rank 0, coordinates 0 0 0

The initial number of communication pulses is: X 2 Y 1
The initial domain decomposition cell size is: X 0.91 nm Y 2.43 nm

The maximum allowed distance for charge groups involved in interactions is:
                 non-bonded interactions           1.108 nm
(the following are initial values, they could change due to box deformation)
            two-body bonded interactions  (-rdd)   1.108 nm
          multi-body bonded interactions  (-rdd)   0.910 nm
  atoms separated by up to 5 constraints  (-rcon)  0.910 nm

When dynamic load balancing gets turned on, these settings will change to:
The maximum number of communication pulses is: X 2 Y 2
The minimum size for domain decomposition cells is 0.679 nm
The requested allowed shrink of DD cells (option -dds) is: 0.80
The allowed shrink of domain decomposition cells is: X 0.75 Y 0.28
The maximum allowed distance for charge groups involved in interactions is:
                 non-bonded interactions           1.108 nm
            two-body bonded interactions  (-rdd)   1.108 nm
          multi-body bonded interactions  (-rdd)   0.679 nm
  atoms separated by up to 5 constraints  (-rcon)  0.679 nm

Using 32 MPI threads
Using 1 OpenMP thread per tMPI thread

Pinning threads with an auto-selected logical core stride of 1
System total charge: 0.000
Will do PME sum in reciprocal space for electrostatic interactions.

++++ PLEASE READ AND CITE THE FOLLOWING REFERENCE ++++
U. Essmann, L. Perera, M. L. Berkowitz, T. Darden, H. Lee and L. G. Pedersen 
A smooth particle mesh Ewald method
J. Chem. Phys. 103 (1995) pp. 8577-8592
-------- -------- --- Thank You --- -------- --------

Using a Gaussian width (1/beta) of 0.320163 nm for Ewald
Potential shift: LJ r^-12: -1.000e+00 r^-6: -1.000e+00, Ewald -1.000e-05
Initialized non-bonded Ewald correction tables, spacing: 9.33e-04 size: 1073

Long Range LJ corr.: <C6> 3.0082e-04
Generated table with 1054 data points for Ewald.
Tabscale = 500 points/nm
Generated table with 1054 data points for LJ6.
Tabscale = 500 points/nm
Generated table with 1054 data points for LJ12.
Tabscale = 500 points/nm
Generated table with 1054 data points for 1-4 COUL.
Tabscale = 500 points/nm
Generated table with 1054 data points for 1-4 LJ6.
Tabscale = 500 points/nm
Generated table with 1054 data points for 1-4 LJ12.
Tabscale = 500 points/nm

Using SIMD 4x4 nonbonded short-range kernels

Using a dual 4x4 pair-list setup updated with dynamic pruning:
  outer list: updated every 50 steps, buffer 0.108 nm, rlist 1.108 nm
  inner list: updated every 12 steps, buffer 0.002 nm, rlist 1.002 nm
At tolerance 0.005 kJ/mol/ps per atom, equivalent classical 1x1 list would be:
  outer list: updated every 50 steps, buffer 0.234 nm, rlist 1.234 nm
  inner list: updated every 12 steps, buffer 0.047 nm, rlist 1.047 nm

Using Lorentz-Berthelot Lennard-Jones combination rule


Initializing Parallel LINear Constraint Solver

++++ PLEASE READ AND CITE THE FOLLOWING REFERENCE ++++
B. Hess
P-LINCS: A Parallel Linear Constraint Solver for molecular simulation
J. Chem. Theory Comput. 4 (2008) pp. 116-122
-------- -------- --- Thank You --- -------- --------

The number of constraints is 959
There are inter charge-group constraints,
will communicate selected coordinates each lincs iteration

++++ PLEASE READ AND CITE THE FOLLOWING REFERENCE ++++
S. Miyamoto and P. A. Kollman
SETTLE: An Analytical Version of the SHAKE and RATTLE Algorithms for Rigid
Water Models
J. Comp. Chem. 13 (1992) pp. 952-962
-------- -------- --- Thank You --- -------- --------


Linking all bonded interactions to atoms


Intra-simulation communication will occur every 10 steps.
Center of mass motion removal mode is Linear
We have the following groups for center of mass motion removal:
  0:  rest

++++ PLEASE READ AND CITE THE FOLLOWING REFERENCE ++++
G. Bussi, D. Donadio and M. Parrinello
Canonical sampling through velocity rescaling
J. Chem. Phys. 126 (2007) pp. 014101
-------- -------- --- Thank You --- -------- --------

There are: 38370 Atoms
Atom distribution over 24 domains: av 1598 stddev 57 min 1549 max 1704

Started mdrun on rank 0 Sun Jan 24 13:01:53 2021
           Step           Time
              0        0.00000

   Energies (kJ/mol)
           Bond          Angle    Proper Dih.  Improper Dih.          LJ-14
    1.63949e+03    3.91301e+03    5.12926e+03    2.81963e+02    1.86360e+03
     Coulomb-14        LJ (SR)  Disper. corr.   Coulomb (SR)   Coul. recip.
    1.61890e+04    7.18248e+04   -4.80211e+03   -6.07583e+05    3.43172e+03
      Potential    Kinetic En.   Total Energy  Conserved En.    Temperature
   -5.08112e+05    9.75975e+04   -4.10514e+05   -4.10491e+05    3.01965e+02
 Pres. DC (bar) Pressure (bar)   Constr. rmsd
   -2.06905e+02   -1.31722e+02    2.58314e-06

DD  step 49 load imb.: force 19.3%  pme mesh/force 0.562


step 150 Turning on dynamic load balancing, because the performance loss due to load imbalance is 12.5 %.

DD  step 4999  vol min/aver 0.814  load imb.: force  2.0%  pme mesh/force 0.490

           Step           Time
           5000       10.00000

   Energies (kJ/mol)
           Bond          Angle    Proper Dih.  Improper Dih.          LJ-14
    1.60390e+03    3.96770e+03    5.19287e+03    2.80028e+02    1.90628e+03
     Coulomb-14        LJ (SR)  Disper. corr.   Coulomb (SR)   Coul. recip.
    1.61685e+04    7.13339e+04   -4.78422e+03   -6.07174e+05    3.48020e+03
      Potential    Kinetic En.   Total Energy  Conserved En.    Temperature
   -5.08025e+05    9.63203e+04   -4.11704e+05   -4.10773e+05    2.98013e+02
 Pres. DC (bar) Pressure (bar)   Constr. rmsd
   -2.05369e+02   -1.36769e+02    2.88005e-06

DD  step 9999  vol min/aver 0.812  load imb.: force  1.9%  pme mesh/force 0.490

           Step           Time
          10000       20.00000

   Energies (kJ/mol)
           Bond          Angle    Proper Dih.  Improper Dih.          LJ-14
    1.65895e+03    3.86446e+03    5.14265e+03    2.76845e+02    1.84313e+03
     Coulomb-14        LJ (SR)  Disper. corr.   Coulomb (SR)   Coul. recip.
    1.59224e+04    7.11842e+04   -4.80462e+03   -6.07399e+05    3.34335e+03
      Potential    Kinetic En.   Total Energy  Conserved En.    Temperature
   -5.08968e+05    9.74434e+04   -4.11524e+05   -4.10751e+05    3.01488e+02
 Pres. DC (bar) Pressure (bar)   Constr. rmsd
   -2.07121e+02   -2.06065e+02    2.74609e-06

DD  step 14999  vol min/aver 0.830  load imb.: force  2.7%  pme mesh/force 0.489

           Step           Time
          15000       30.00000

   Energies (kJ/mol)
           Bond          Angle    Proper Dih.  Improper Dih.          LJ-14
    1.72554e+03    3.69947e+03    5.07201e+03    2.80269e+02    1.83572e+03
     Coulomb-14        LJ (SR)  Disper. corr.   Coulomb (SR)   Coul. recip.
    1.61401e+04    7.23398e+04   -4.81124e+03   -6.07806e+05    3.52238e+03
      Potential    Kinetic En.   Total Energy  Conserved En.    Temperature
   -5.08002e+05    9.69899e+04   -4.11012e+05   -4.10742e+05    3.00085e+02
 Pres. DC (bar) Pressure (bar)   Constr. rmsd
   -2.07692e+02   -5.37650e+01    2.81382e-06

DD  step 19999  vol min/aver 0.834  load imb.: force  2.1%  pme mesh/force 0.501

           Step           Time
          20000       40.00000

   Energies (kJ/mol)
           Bond          Angle    Proper Dih.  Improper Dih.          LJ-14
    1.53381e+03    3.85206e+03    5.14236e+03    2.55138e+02    1.89429e+03
     Coulomb-14        LJ (SR)  Disper. corr.   Coulomb (SR)   Coul. recip.
    1.62311e+04    7.21236e+04   -4.78923e+03   -6.07071e+05    3.43885e+03
      Potential    Kinetic En.   Total Energy  Conserved En.    Temperature
   -5.07389e+05    9.68010e+04   -4.10588e+05   -4.10710e+05    2.99501e+02
 Pres. DC (bar) Pressure (bar)   Constr. rmsd
   -2.05798e+02   -5.33966e+01    2.95747e-06

DD  step 24999  vol min/aver 0.847  load imb.: force  2.5%  pme mesh/force 0.487

           Step           Time
          25000       50.00000

   Energies (kJ/mol)
           Bond          Angle    Proper Dih.  Improper Dih.          LJ-14
    1.52532e+03    3.81235e+03    5.16565e+03    2.37126e+02    1.86029e+03
     Coulomb-14        LJ (SR)  Disper. corr.   Coulomb (SR)   Coul. recip.
    1.63430e+04    7.23212e+04   -4.81772e+03   -6.08509e+05    3.35798e+03
      Potential    Kinetic En.   Total Energy  Conserved En.    Temperature
   -5.08704e+05    9.62719e+04   -4.12432e+05   -4.10676e+05    2.97863e+02
 Pres. DC (bar) Pressure (bar)   Constr. rmsd
   -2.08251e+02    9.87886e+01    2.83333e-06

DD  step 29999  vol min/aver 0.819  load imb.: force  2.0%  pme mesh/force 0.488

           Step           Time
          30000       60.00000

   Energies (kJ/mol)
           Bond          Angle    Proper Dih.  Improper Dih.          LJ-14
    1.55423e+03    3.83820e+03    5.08959e+03    2.45776e+02    1.94659e+03
     Coulomb-14        LJ (SR)  Disper. corr.   Coulomb (SR)   Coul. recip.
    1.61916e+04    7.28061e+04   -4.79892e+03   -6.08811e+05    3.38121e+03
      Potential    Kinetic En.   Total Energy  Conserved En.    Temperature
   -5.08557e+05    9.62316e+04   -4.12325e+05   -4.10621e+05    2.97739e+02
 Pres. DC (bar) Pressure (bar)   Constr. rmsd
   -2.06630e+02    1.06823e+02    2.94548e-06

DD  step 34999  vol min/aver 0.851  load imb.: force  2.1%  pme mesh/force 0.493

           Step           Time
          35000       70.00000

   Energies (kJ/mol)
           Bond          Angle    Proper Dih.  Improper Dih.          LJ-14
    1.62745e+03    3.97245e+03    5.08401e+03    2.82474e+02    1.84460e+03
     Coulomb-14        LJ (SR)  Disper. corr.   Coulomb (SR)   Coul. recip.
    1.61010e+04    7.22115e+04   -4.79199e+03   -6.07049e+05    3.59198e+03
      Potential    Kinetic En.   Total Energy  Conserved En.    Temperature
   -5.07125e+05    9.71473e+04   -4.09978e+05   -4.10619e+05    3.00572e+02
 Pres. DC (bar) Pressure (bar)   Constr. rmsd
   -2.06035e+02    9.64482e+01    2.99821e-06

DD  step 39999  vol min/aver 0.823  load imb.: force  1.8%  pme mesh/force 0.488

           Step           Time
          40000       80.00000

   Energies (kJ/mol)
           Bond          Angle    Proper Dih.  Improper Dih.          LJ-14
    1.64766e+03    3.90815e+03    5.08342e+03    2.40592e+02    1.90075e+03
     Coulomb-14        LJ (SR)  Disper. corr.   Coulomb (SR)   Coul. recip.
    1.63383e+04    7.27422e+04   -4.80665e+03   -6.08870e+05    3.35695e+03
      Potential    Kinetic En.   Total Energy  Conserved En.    Temperature
   -5.08459e+05    9.78660e+04   -4.10593e+05   -4.10592e+05    3.02796e+02
 Pres. DC (bar) Pressure (bar)   Constr. rmsd
   -2.07297e+02    5.70389e+01    3.33091e-06

DD  step 44999  vol min/aver 0.849  load imb.: force  1.6%  pme mesh/force 0.498

           Step           Time
          45000       90.00000

   Energies (kJ/mol)
           Bond          Angle    Proper Dih.  Improper Dih.          LJ-14
    1.59766e+03    3.98549e+03    5.12506e+03    2.59862e+02    1.83710e+03
     Coulomb-14        LJ (SR)  Disper. corr.   Coulomb (SR)   Coul. recip.
    1.59725e+04    7.23228e+04   -4.81853e+03   -6.08476e+05    3.32536e+03
      Potential    Kinetic En.   Total Energy  Conserved En.    Temperature
   -5.08869e+05    9.66080e+04   -4.12261e+05   -4.10557e+05    2.98903e+02
 Pres. DC (bar) Pressure (bar)   Constr. rmsd
   -2.08321e+02    1.61292e+01    3.31257e-06

DD  step 49999  vol min/aver 0.859  load imb.: force  2.5%  pme mesh/force 0.499

           Step           Time
          50000      100.00000

   Energies (kJ/mol)
           Bond          Angle    Proper Dih.  Improper Dih.          LJ-14
    1.57611e+03    3.84826e+03    5.15572e+03    2.84585e+02    1.89887e+03
     Coulomb-14        LJ (SR)  Disper. corr.   Coulomb (SR)   Coul. recip.
    1.60611e+04    7.19529e+04   -4.80344e+03   -6.08445e+05    3.44172e+03
      Potential    Kinetic En.   Total Energy  Conserved En.    Temperature
   -5.09029e+05    9.68717e+04   -4.12157e+05   -4.10508e+05    2.99719e+02
 Pres. DC (bar) Pressure (bar)   Constr. rmsd
   -2.07020e+02   -5.63684e+01    2.86158e-06

DD  step 54999  vol min/aver 0.849  load imb.: force  1.8%  pme mesh/force 0.504

           Step           Time
          55000      110.00000

   Energies (kJ/mol)
           Bond          Angle    Proper Dih.  Improper Dih.          LJ-14
    1.58362e+03    3.68579e+03    5.23815e+03    2.62454e+02    1.89264e+03
     Coulomb-14        LJ (SR)  Disper. corr.   Coulomb (SR)   Coul. recip.
    1.62779e+04    7.36255e+04   -4.82751e+03   -6.10775e+05    3.41696e+03
      Potential    Kinetic En.   Total Energy  Conserved En.    Temperature
   -5.09619e+05    9.68042e+04   -4.12815e+05   -4.10497e+05    2.99510e+02
 Pres. DC (bar) Pressure (bar)   Constr. rmsd
   -2.09097e+02    2.04579e+02    2.90468e-06


step 57000 Turning off dynamic load balancing, because it is degrading performance.

Atom distribution over 24 domains: av 1598 stddev 57 min 1542 max 1661
DD  step 59999 load imb.: force 16.3%  pme mesh/force 0.453

           Step           Time
          60000      120.00000

   Energies (kJ/mol)
           Bond          Angle    Proper Dih.  Improper Dih.          LJ-14
    1.47869e+03    3.92314e+03    5.25048e+03    2.89572e+02    1.87901e+03
     Coulomb-14        LJ (SR)  Disper. corr.   Coulomb (SR)   Coul. recip.
    1.60422e+04    7.28816e+04   -4.83451e+03   -6.09739e+05    3.39593e+03
      Potential    Kinetic En.   Total Energy  Conserved En.    Temperature
   -5.09433e+05    9.66167e+04   -4.12816e+05   -4.10437e+05    2.98930e+02
 Pres. DC (bar) Pressure (bar)   Constr. rmsd
   -2.09703e+02    1.50892e+02    2.82883e-06

DD  step 64999 load imb.: force 15.3%  pme mesh/force 0.461


step 65000 Turning on dynamic load balancing, because the performance loss due to load imbalance is 3.3 %.

           Step           Time
          65000      130.00000

   Energies (kJ/mol)
           Bond          Angle    Proper Dih.  Improper Dih.          LJ-14
    1.65241e+03    3.89613e+03    5.11399e+03    2.95748e+02    1.84120e+03
     Coulomb-14        LJ (SR)  Disper. corr.   Coulomb (SR)   Coul. recip.
    1.62392e+04    7.28216e+04   -4.79832e+03   -6.09441e+05    3.44689e+03
      Potential    Kinetic En.   Total Energy  Conserved En.    Temperature
   -5.08932e+05    9.79855e+04   -4.10946e+05   -4.10396e+05    3.03165e+02
 Pres. DC (bar) Pressure (bar)   Constr. rmsd
   -2.06579e+02    1.54984e+01    3.16799e-06

DD  step 69999  vol min/aver 0.857  load imb.: force  2.4%  pme mesh/force 0.498

           Step           Time
          70000      140.00000

   Energies (kJ/mol)
           Bond          Angle    Proper Dih.  Improper Dih.          LJ-14
    1.57248e+03    3.76330e+03    5.10243e+03    2.59431e+02    1.81933e+03
     Coulomb-14        LJ (SR)  Disper. corr.   Coulomb (SR)   Coul. recip.
    1.60624e+04    7.22920e+04   -4.81017e+03   -6.08782e+05    3.46300e+03
      Potential    Kinetic En.   Total Energy  Conserved En.    Temperature
   -5.09258e+05    9.60032e+04   -4.13255e+05   -4.10380e+05    2.97032e+02
 Pres. DC (bar) Pressure (bar)   Constr. rmsd
   -2.07599e+02   -6.99837e+01    2.63113e-06

DD  step 74999  vol min/aver 0.853  load imb.: force  1.6%  pme mesh/force 0.502

           Step           Time
          75000      150.00000

   Energies (kJ/mol)
           Bond          Angle    Proper Dih.  Improper Dih.          LJ-14
    1.50299e+03    3.89955e+03    5.12151e+03    3.19942e+02    1.84422e+03
     Coulomb-14        LJ (SR)  Disper. corr.   Coulomb (SR)   Coul. recip.
    1.62440e+04    7.27872e+04   -4.81542e+03   -6.09554e+05    3.40898e+03
      Potential    Kinetic En.   Total Energy  Conserved En.    Temperature
   -5.09242e+05    9.71888e+04   -4.12053e+05   -4.10345e+05    3.00700e+02
 Pres. DC (bar) Pressure (bar)   Constr. rmsd
   -2.08052e+02    8.09695e+01    3.17939e-06

DD  step 79999  vol min/aver 0.850  load imb.: force  1.7%  pme mesh/force 0.498

           Step           Time
          80000      160.00000

   Energies (kJ/mol)
           Bond          Angle    Proper Dih.  Improper Dih.          LJ-14
    1.74316e+03    3.92509e+03    5.09063e+03    2.59393e+02    1.86917e+03
     Coulomb-14        LJ (SR)  Disper. corr.   Coulomb (SR)   Coul. recip.
    1.61307e+04    7.15703e+04   -4.81326e+03   -6.08670e+05    3.36531e+03
      Potential    Kinetic En.   Total Energy  Conserved En.    Temperature
   -5.09529e+05    9.66984e+04   -4.12831e+05   -4.10281e+05    2.99183e+02
 Pres. DC (bar) Pressure (bar)   Constr. rmsd
   -2.07866e+02   -7.10605e+01    2.85025e-06

DD  step 84999  vol min/aver 0.838  load imb.: force  2.4%  pme mesh/force 0.498

           Step           Time
          85000      170.00000

   Energies (kJ/mol)
           Bond          Angle    Proper Dih.  Improper Dih.          LJ-14
    1.42620e+03    3.89270e+03    5.17788e+03    2.67725e+02    1.89204e+03
     Coulomb-14        LJ (SR)  Disper. corr.   Coulomb (SR)   Coul. recip.
    1.63585e+04    7.07770e+04   -4.80956e+03   -6.06866e+05    3.48475e+03
      Potential    Kinetic En.   Total Energy  Conserved En.    Temperature
   -5.08399e+05    9.67092e+04   -4.11690e+05   -4.10270e+05    2.99217e+02
 Pres. DC (bar) Pressure (bar)   Constr. rmsd
   -2.07547e+02   -1.87216e+02    2.90380e-06

DD  step 89999  vol min/aver 0.867  load imb.: force  1.6%  pme mesh/force 0.504

           Step           Time
          90000      180.00000

   Energies (kJ/mol)
           Bond          Angle    Proper Dih.  Improper Dih.          LJ-14
    1.63088e+03    3.89062e+03    5.10915e+03    2.30784e+02    1.87059e+03
     Coulomb-14        LJ (SR)  Disper. corr.   Coulomb (SR)   Coul. recip.
    1.61209e+04    7.26852e+04   -4.80036e+03   -6.08236e+05    3.41375e+03
      Potential    Kinetic En.   Total Energy  Conserved En.    Temperature
   -5.08085e+05    9.70288e+04   -4.11056e+05   -4.10230e+05    3.00206e+02
 Pres. DC (bar) Pressure (bar)   Constr. rmsd
   -2.06755e+02    2.37481e+01    2.70989e-06

DD  step 94999  vol min/aver 0.830  load imb.: force  2.8%  pme mesh/force 0.516

           Step           Time
          95000      190.00000

   Energies (kJ/mol)
           Bond          Angle    Proper Dih.  Improper Dih.          LJ-14
    1.62954e+03    3.74391e+03    5.04612e+03    2.79600e+02    1.90735e+03
     Coulomb-14        LJ (SR)  Disper. corr.   Coulomb (SR)   Coul. recip.
    1.63448e+04    7.28191e+04   -4.80410e+03   -6.09035e+05    3.49318e+03
      Potential    Kinetic En.   Total Energy  Conserved En.    Temperature
   -5.08576e+05    9.72259e+04   -4.11350e+05   -4.10200e+05    3.00815e+02
 Pres. DC (bar) Pressure (bar)   Constr. rmsd
   -2.07077e+02   -7.18834e+00    3.12437e-06

DD  step 99999  vol min/aver 0.846  load imb.: force  1.5%  pme mesh/force 0.501

           Step           Time
         100000      200.00000

   Energies (kJ/mol)
           Bond          Angle    Proper Dih.  Improper Dih.          LJ-14
    1.71669e+03    3.83695e+03    5.08165e+03    2.53283e+02    1.85585e+03
     Coulomb-14        LJ (SR)  Disper. corr.   Coulomb (SR)   Coul. recip.
    1.62577e+04    7.35123e+04   -4.80388e+03   -6.09144e+05    3.44222e+03
      Potential    Kinetic En.   Total Energy  Conserved En.    Temperature
   -5.07991e+05    9.67688e+04   -4.11222e+05   -4.10182e+05    2.99401e+02
 Pres. DC (bar) Pressure (bar)   Constr. rmsd
   -2.07058e+02    1.40218e+02    3.10065e-06

DD  step 104999  vol min/aver 0.847  load imb.: force  1.7%  pme mesh/force 0.500

           Step           Time
         105000      210.00000

   Energies (kJ/mol)
           Bond          Angle    Proper Dih.  Improper Dih.          LJ-14
    1.65447e+03    3.89073e+03    5.18108e+03    3.17351e+02    1.87916e+03
     Coulomb-14        LJ (SR)  Disper. corr.   Coulomb (SR)   Coul. recip.
    1.61079e+04    7.18406e+04   -4.80877e+03   -6.07410e+05    3.48031e+03
      Potential    Kinetic En.   Total Energy  Conserved En.    Temperature
   -5.07867e+05    9.60341e+04   -4.11833e+05   -4.10144e+05    2.97128e+02
 Pres. DC (bar) Pressure (bar)   Constr. rmsd
   -2.07479e+02   -1.04695e+01    2.79423e-06

DD  step 109999  vol min/aver 0.858  load imb.: force  2.5%  pme mesh/force 0.500

           Step           Time
         110000      220.00000

   Energies (kJ/mol)
           Bond          Angle    Proper Dih.  Improper Dih.          LJ-14
    1.55345e+03    3.85354e+03    5.11112e+03    2.35977e+02    1.85031e+03
     Coulomb-14        LJ (SR)  Disper. corr.   Coulomb (SR)   Coul. recip.
    1.63782e+04    7.18542e+04   -4.78455e+03   -6.07995e+05    3.41858e+03
      Potential    Kinetic En.   Total Energy  Conserved En.    Temperature
   -5.08524e+05    9.71722e+04   -4.11352e+05   -4.10124e+05    3.00649e+02
 Pres. DC (bar) Pressure (bar)   Constr. rmsd
   -2.05397e+02   -2.04296e+02    3.03129e-06

DD  step 114999  vol min/aver 0.845  load imb.: force  1.4%  pme mesh/force 0.506

           Step           Time
         115000      230.00000

   Energies (kJ/mol)
           Bond          Angle    Proper Dih.  Improper Dih.          LJ-14
    1.65670e+03    3.98631e+03    4.99614e+03    2.46395e+02    1.90435e+03
     Coulomb-14        LJ (SR)  Disper. corr.   Coulomb (SR)   Coul. recip.
    1.61009e+04    7.25680e+04   -4.79956e+03   -6.08960e+05    3.46068e+03
      Potential    Kinetic En.   Total Energy  Conserved En.    Temperature
   -5.08840e+05    9.80439e+04   -4.10796e+05   -4.10093e+05    3.03346e+02
 Pres. DC (bar) Pressure (bar)   Constr. rmsd
   -2.06686e+02    4.03130e+01    2.87468e-06

DD  step 119999  vol min/aver 0.826  load imb.: force  1.7%  pme mesh/force 0.501

           Step           Time
         120000      240.00000

   Energies (kJ/mol)
           Bond          Angle    Proper Dih.  Improper Dih.          LJ-14
    1.60212e+03    3.88837e+03    5.20738e+03    2.78492e+02    1.83792e+03
     Coulomb-14        LJ (SR)  Disper. corr.   Coulomb (SR)   Coul. recip.
    1.61786e+04    7.25772e+04   -4.79418e+03   -6.08244e+05    3.48825e+03
      Potential    Kinetic En.   Total Energy  Conserved En.    Temperature
   -5.07980e+05    9.77162e+04   -4.10264e+05   -4.10066e+05    3.02332e+02
 Pres. DC (bar) Pressure (bar)   Constr. rmsd
   -2.06223e+02    2.71368e+01    2.97000e-06

DD  step 124999  vol min/aver 0.843  load imb.: force  2.4%  pme mesh/force 0.497

           Step           Time
         125000      250.00000

   Energies (kJ/mol)
           Bond          Angle    Proper Dih.  Improper Dih.          LJ-14
    1.65078e+03    3.91355e+03    5.08033e+03    2.63410e+02    1.89042e+03
     Coulomb-14        LJ (SR)  Disper. corr.   Coulomb (SR)   Coul. recip.
    1.61900e+04    7.25402e+04   -4.81741e+03   -6.09002e+05    3.47715e+03
      Potential    Kinetic En.   Total Energy  Conserved En.    Temperature
   -5.08813e+05    9.69262e+04   -4.11887e+05   -4.10020e+05    2.99888e+02
 Pres. DC (bar) Pressure (bar)   Constr. rmsd
   -2.08224e+02    1.64911e+02    2.76800e-06

DD  step 129999  vol min/aver 0.836  load imb.: force  2.2%  pme mesh/force 0.492

           Step           Time
         130000      260.00000

   Energies (kJ/mol)
           Bond          Angle    Proper Dih.  Improper Dih.          LJ-14
    1.50746e+03    4.00762e+03    5.05412e+03    2.66385e+02    1.88047e+03
     Coulomb-14        LJ (SR)  Disper. corr.   Coulomb (SR)   Coul. recip.
    1.62877e+04    7.24838e+04   -4.82540e+03   -6.09751e+05    3.43573e+03
      Potential    Kinetic En.   Total Energy  Conserved En.    Temperature
   -5.09653e+05    9.69968e+04   -4.12656e+05   -4.09975e+05    3.00106e+02
 Pres. DC (bar) Pressure (bar)   Constr. rmsd
   -2.08915e+02    1.91775e+01    3.01746e-06

DD  step 134999  vol min/aver 0.863  load imb.: force  1.6%  pme mesh/force 0.500

           Step           Time
         135000      270.00000

   Energies (kJ/mol)
           Bond          Angle    Proper Dih.  Improper Dih.          LJ-14
    1.64282e+03    3.80720e+03    5.17686e+03    2.81875e+02    1.90882e+03
     Coulomb-14        LJ (SR)  Disper. corr.   Coulomb (SR)   Coul. recip.
    1.63619e+04    7.11020e+04   -4.79674e+03   -6.05477e+05    3.35266e+03
      Potential    Kinetic En.   Total Energy  Conserved En.    Temperature
   -5.06640e+05    9.66221e+04   -4.10018e+05   -4.09961e+05    2.98947e+02
 Pres. DC (bar) Pressure (bar)   Constr. rmsd
   -2.06444e+02   -9.63751e+01    3.16281e-06

DD  step 139999  vol min/aver 0.863  load imb.: force  1.3%  pme mesh/force 0.500

           Step           Time
         140000      280.00000

   Energies (kJ/mol)
           Bond          Angle    Proper Dih.  Improper Dih.          LJ-14
    1.56858e+03    3.68736e+03    5.13074e+03    2.81904e+02    1.79942e+03
     Coulomb-14        LJ (SR)  Disper. corr.   Coulomb (SR)   Coul. recip.
    1.62219e+04    7.19772e+04   -4.80870e+03   -6.08215e+05    3.48578e+03
      Potential    Kinetic En.   Total Energy  Conserved En.    Temperature
   -5.08871e+05    9.72248e+04   -4.11646e+05   -4.09947e+05    3.00812e+02
 Pres. DC (bar) Pressure (bar)   Constr. rmsd
   -2.07473e+02   -1.54290e+02    3.30706e-06

DD  step 144999  vol min/aver 0.840  load imb.: force  2.3%  pme mesh/force 0.517

           Step           Time
         145000      290.00000

   Energies (kJ/mol)
           Bond          Angle    Proper Dih.  Improper Dih.          LJ-14
    1.46793e+03    4.11529e+03    5.17204e+03    2.81022e+02    1.78435e+03
     Coulomb-14        LJ (SR)  Disper. corr.   Coulomb (SR)   Coul. recip.
    1.60888e+04    7.29332e+04   -4.79281e+03   -6.08609e+05    3.44535e+03
      Potential    Kinetic En.   Total Energy  Conserved En.    Temperature
   -5.08113e+05    9.70980e+04   -4.11015e+05   -4.09884e+05    3.00420e+02
 Pres. DC (bar) Pressure (bar)   Constr. rmsd
   -2.06105e+02    9.42618e+01    3.12628e-06

DD  step 149999  vol min/aver 0.866  load imb.: force  1.4%  pme mesh/force 0.499

           Step           Time
         150000      300.00000

   Energies (kJ/mol)
           Bond          Angle    Proper Dih.  Improper Dih.          LJ-14
    1.57232e+03    3.97847e+03    4.98893e+03    2.44522e+02    1.82160e+03
     Coulomb-14        LJ (SR)  Disper. corr.   Coulomb (SR)   Coul. recip.
    1.60614e+04    7.15833e+04   -4.78947e+03   -6.07098e+05    3.50339e+03
      Potential    Kinetic En.   Total Energy  Conserved En.    Temperature
   -5.08133e+05    9.65767e+04   -4.11557e+05   -4.09840e+05    2.98806e+02
 Pres. DC (bar) Pressure (bar)   Constr. rmsd
   -2.05818e+02   -5.56335e+01    2.94436e-06

DD  step 154999  vol min/aver 0.856  load imb.: force  1.5%  pme mesh/force 0.499

           Step           Time
         155000      310.00000

   Energies (kJ/mol)
           Bond          Angle    Proper Dih.  Improper Dih.          LJ-14
    1.58907e+03    3.79278e+03    5.17128e+03    2.37805e+02    1.89965e+03
     Coulomb-14        LJ (SR)  Disper. corr.   Coulomb (SR)   Coul. recip.
    1.59139e+04    7.19396e+04   -4.80552e+03   -6.08131e+05    3.52989e+03
      Potential    Kinetic En.   Total Energy  Conserved En.    Temperature
   -5.08862e+05    9.66961e+04   -4.12166e+05   -4.09808e+05    2.99176e+02
 Pres. DC (bar) Pressure (bar)   Constr. rmsd
   -2.07199e+02   -5.69280e+01    3.47653e-06

DD  step 159999  vol min/aver 0.842  load imb.: force  2.2%  pme mesh/force 0.506

           Step           Time
         160000      320.00000

   Energies (kJ/mol)
           Bond          Angle    Proper Dih.  Improper Dih.          LJ-14
    1.60108e+03    3.95439e+03    4.96503e+03    2.41738e+02    1.89988e+03
     Coulomb-14        LJ (SR)  Disper. corr.   Coulomb (SR)   Coul. recip.
    1.60015e+04    7.17350e+04   -4.77845e+03   -6.06184e+05    3.41605e+03
      Potential    Kinetic En.   Total Energy  Conserved En.    Temperature
   -5.07147e+05    9.62457e+04   -4.10902e+05   -4.09756e+05    2.97782e+02
 Pres. DC (bar) Pressure (bar)   Constr. rmsd
   -2.04874e+02   -8.67063e+01    3.28409e-06

DD  step 164999  vol min/aver 0.845  load imb.: force  2.3%  pme mesh/force 0.499

           Step           Time
         165000      330.00000

   Energies (kJ/mol)
           Bond          Angle    Proper Dih.  Improper Dih.          LJ-14
    1.52814e+03    3.92632e+03    5.03857e+03    2.76760e+02    1.89447e+03
     Coulomb-14        LJ (SR)  Disper. corr.   Coulomb (SR)   Coul. recip.
    1.60728e+04    7.28675e+04   -4.80521e+03   -6.09220e+05    3.60745e+03
      Potential    Kinetic En.   Total Energy  Conserved En.    Temperature
   -5.08813e+05    9.72111e+04   -4.11602e+05   -4.09749e+05    3.00769e+02
 Pres. DC (bar) Pressure (bar)   Constr. rmsd
   -2.07172e+02    5.18013e+01    3.05186e-06

DD  step 169999  vol min/aver 0.839  load imb.: force  2.0%  pme mesh/force 0.514

           Step           Time
         170000      340.00000

   Energies (kJ/mol)
           Bond          Angle    Proper Dih.  Improper Dih.          LJ-14
    1.52464e+03    3.87827e+03    5.14033e+03    2.56816e+02    1.92841e+03
     Coulomb-14        LJ (SR)  Disper. corr.   Coulomb (SR)   Coul. recip.
    1.62846e+04    7.27130e+04   -4.79237e+03   -6.08381e+05    3.55660e+03
      Potential    Kinetic En.   Total Energy  Conserved En.    Temperature
   -5.07891e+05    9.74401e+04   -4.10450e+05   -4.09706e+05    3.01478e+02
 Pres. DC (bar) Pressure (bar)   Constr. rmsd
   -2.06068e+02    1.02119e+02    2.84279e-06

DD  step 174999  vol min/aver 0.842  load imb.: force  2.0%  pme mesh/force 0.499

           Step           Time
         175000      350.00000

   Energies (kJ/mol)
           Bond          Angle    Proper Dih.  Improper Dih.          LJ-14
    1.55175e+03    3.96817e+03    5.09858e+03    2.64739e+02    1.81017e+03
     Coulomb-14        LJ (SR)  Disper. corr.   Coulomb (SR)   Coul. recip.
    1.59487e+04    7.24742e+04   -4.79059e+03   -6.08839e+05    3.49353e+03
      Potential    Kinetic En.   Total Energy  Conserved En.    Temperature
   -5.09019e+05    9.72694e+04   -4.11750e+05   -4.09687e+05    3.00950e+02
 Pres. DC (bar) Pressure (bar)   Constr. rmsd
   -2.05915e+02   -1.15449e+02    2.97410e-06

DD  step 179999  vol min/aver 0.823  load imb.: force  2.6%  pme mesh/force 0.495

           Step           Time
         180000      360.00000

   Energies (kJ/mol)
           Bond          Angle    Proper Dih.  Improper Dih.          LJ-14
    1.63203e+03    3.90543e+03    5.07351e+03    2.74990e+02    1.86950e+03
     Coulomb-14        LJ (SR)  Disper. corr.   Coulomb (SR)   Coul. recip.
    1.61549e+04    7.18270e+04   -4.79865e+03   -6.08191e+05    3.45956e+03
      Potential    Kinetic En.   Total Energy  Conserved En.    Temperature
   -5.08793e+05    9.70004e+04   -4.11793e+05   -4.09645e+05    3.00118e+02
 Pres. DC (bar) Pressure (bar)   Constr. rmsd
   -2.06607e+02   -1.55745e+02    2.93088e-06

DD  step 184999  vol min/aver 0.848  load imb.: force  1.9%  pme mesh/force 0.500

           Step           Time
         185000      370.00000

   Energies (kJ/mol)
           Bond          Angle    Proper Dih.  Improper Dih.          LJ-14
    1.58891e+03    3.86701e+03    5.16656e+03    2.20244e+02    1.83223e+03
     Coulomb-14        LJ (SR)  Disper. corr.   Coulomb (SR)   Coul. recip.
    1.59473e+04    7.21196e+04   -4.78421e+03   -6.08009e+05    3.42947e+03
      Potential    Kinetic En.   Total Energy  Conserved En.    Temperature
   -5.08622e+05    9.75143e+04   -4.11107e+05   -4.09642e+05    3.01708e+02
 Pres. DC (bar) Pressure (bar)   Constr. rmsd
   -2.05367e+02   -3.26236e+01    2.90764e-06

DD  step 189999  vol min/aver 0.858  load imb.: force  3.6%  pme mesh/force 0.517

           Step           Time
         190000      380.00000

   Energies (kJ/mol)
           Bond          Angle    Proper Dih.  Improper Dih.          LJ-14
    1.44819e+03    3.97899e+03    5.06014e+03    2.58410e+02    1.79136e+03
     Coulomb-14        LJ (SR)  Disper. corr.   Coulomb (SR)   Coul. recip.
    1.59019e+04    7.18750e+04   -4.81238e+03   -6.08228e+05    3.44652e+03
      Potential    Kinetic En.   Total Energy  Conserved En.    Temperature
   -5.09280e+05    9.69802e+04   -4.12299e+05   -4.09594e+05    3.00055e+02
 Pres. DC (bar) Pressure (bar)   Constr. rmsd
   -2.07790e+02   -1.46785e+02    3.23593e-06

DD  step 194999  vol min/aver 0.844  load imb.: force  1.9%  pme mesh/force 0.500

           Step           Time
         195000      390.00000

   Energies (kJ/mol)
           Bond          Angle    Proper Dih.  Improper Dih.          LJ-14
    1.53363e+03    3.77499e+03    5.13657e+03    2.58511e+02    1.89654e+03
     Coulomb-14        LJ (SR)  Disper. corr.   Coulomb (SR)   Coul. recip.
    1.61168e+04    7.18754e+04   -4.80742e+03   -6.08040e+05    3.43922e+03
      Potential    Kinetic En.   Total Energy  Conserved En.    Temperature
   -5.08816e+05    9.73571e+04   -4.11459e+05   -4.09548e+05    3.01221e+02
 Pres. DC (bar) Pressure (bar)   Constr. rmsd
   -2.07363e+02   -4.73586e+01    2.76928e-06

DD  step 199999  vol min/aver 0.847  load imb.: force  1.8%  pme mesh/force 0.502

           Step           Time
         200000      400.00000

   Energies (kJ/mol)
           Bond          Angle    Proper Dih.  Improper Dih.          LJ-14
    1.63250e+03    3.76872e+03    5.11122e+03    2.74282e+02    1.81471e+03
     Coulomb-14        LJ (SR)  Disper. corr.   Coulomb (SR)   Coul. recip.
    1.60343e+04    7.24224e+04   -4.80100e+03   -6.07838e+05    3.45175e+03
      Potential    Kinetic En.   Total Energy  Conserved En.    Temperature
   -5.08129e+05    9.64808e+04   -4.11649e+05   -4.09491e+05    2.98510e+02
 Pres. DC (bar) Pressure (bar)   Constr. rmsd
   -2.06810e+02   -9.09551e+01    3.08409e-06

DD  step 204999  vol min/aver 0.862  load imb.: force  1.2%  pme mesh/force 0.501

           Step           Time
         205000      410.00000

   Energies (kJ/mol)
           Bond          Angle    Proper Dih.  Improper Dih.          LJ-14
    1.68064e+03    4.01067e+03    5.08049e+03    2.83699e+02    1.89001e+03
     Coulomb-14        LJ (SR)  Disper. corr.   Coulomb (SR)   Coul. recip.
    1.60618e+04    7.08995e+04   -4.81203e+03   -6.06493e+05    3.50948e+03
      Potential    Kinetic En.   Total Energy  Conserved En.    Temperature
   -5.07889e+05    9.65632e+04   -4.11326e+05   -4.09446e+05    2.98765e+02
 Pres. DC (bar) Pressure (bar)   Constr. rmsd
   -2.07760e+02   -2.03560e+02    2.85357e-06

DD  step 209999  vol min/aver 0.828  load imb.: force  2.8%  pme mesh/force 0.500

           Step           Time
         210000      420.00000

   Energies (kJ/mol)
           Bond          Angle    Proper Dih.  Improper Dih.          LJ-14
    1.50494e+03    3.85351e+03    5.11669e+03    2.70632e+02    1.88959e+03
     Coulomb-14        LJ (SR)  Disper. corr.   Coulomb (SR)   Coul. recip.
    1.62446e+04    7.27743e+04   -4.81472e+03   -6.09044e+05    3.53825e+03
      Potential    Kinetic En.   Total Energy  Conserved En.    Temperature
   -5.08666e+05    9.66391e+04   -4.12027e+05   -4.09418e+05    2.99000e+02
 Pres. DC (bar) Pressure (bar)   Constr. rmsd
   -2.07992e+02    9.36326e+01    2.78750e-06

DD  step 214999  vol min/aver 0.832  load imb.: force  1.9%  pme mesh/force 0.499

           Step           Time
         215000      430.00000

   Energies (kJ/mol)
           Bond          Angle    Proper Dih.  Improper Dih.          LJ-14
    1.59434e+03    3.99585e+03    5.16256e+03    2.82419e+02    1.84740e+03
     Coulomb-14        LJ (SR)  Disper. corr.   Coulomb (SR)   Coul. recip.
    1.60913e+04    7.29120e+04   -4.80937e+03   -6.09661e+05    3.46995e+03
      Potential    Kinetic En.   Total Energy  Conserved En.    Temperature
   -5.09115e+05    9.74451e+04   -4.11669e+05   -4.09387e+05    3.01493e+02
 Pres. DC (bar) Pressure (bar)   Constr. rmsd
   -2.07531e+02    5.68416e+01    3.23403e-06

DD  step 219999  vol min/aver 0.834  load imb.: force  1.9%  pme mesh/force 0.499

           Step           Time
         220000      440.00000

   Energies (kJ/mol)
           Bond          Angle    Proper Dih.  Improper Dih.          LJ-14
    1.57842e+03    4.04501e+03    5.01391e+03    2.40218e+02    1.85468e+03
     Coulomb-14        LJ (SR)  Disper. corr.   Coulomb (SR)   Coul. recip.
    1.57773e+04    7.17491e+04   -4.79135e+03   -6.07087e+05    3.42976e+03
      Potential    Kinetic En.   Total Energy  Conserved En.    Temperature
   -5.08190e+05    9.70150e+04   -4.11175e+05   -4.09356e+05    3.00163e+02
 Pres. DC (bar) Pressure (bar)   Constr. rmsd
   -2.05980e+02   -3.53052e+01    2.80546e-06

DD  step 224999  vol min/aver 0.849  load imb.: force  2.3%  pme mesh/force 0.501

           Step           Time
         225000      450.00000

   Energies (kJ/mol)
           Bond          Angle    Proper Dih.  Improper Dih.          LJ-14
    1.60555e+03    3.83578e+03    5.05253e+03    2.56043e+02    1.88100e+03
     Coulomb-14        LJ (SR)  Disper. corr.   Coulomb (SR)   Coul. recip.
    1.61673e+04    7.15463e+04   -4.78286e+03   -6.07077e+05    3.52220e+03
      Potential    Kinetic En.   Total Energy  Conserved En.    Temperature
   -5.07993e+05    9.74132e+04   -4.10580e+05   -4.09323e+05    3.01395e+02
 Pres. DC (bar) Pressure (bar)   Constr. rmsd
   -2.05252e+02   -2.45635e+02    2.97636e-06

DD  step 229999  vol min/aver 0.836  load imb.: force  2.5%  pme mesh/force 0.503

           Step           Time
         230000      460.00000

   Energies (kJ/mol)
           Bond          Angle    Proper Dih.  Improper Dih.          LJ-14
    1.68048e+03    3.84554e+03    5.08611e+03    2.87682e+02    1.85070e+03
     Coulomb-14        LJ (SR)  Disper. corr.   Coulomb (SR)   Coul. recip.
    1.59795e+04    7.19754e+04   -4.78724e+03   -6.07657e+05    3.49339e+03
      Potential    Kinetic En.   Total Energy  Conserved En.    Temperature
   -5.08245e+05    9.68111e+04   -4.11434e+05   -4.09300e+05    2.99532e+02
 Pres. DC (bar) Pressure (bar)   Constr. rmsd
   -2.05627e+02   -9.72764e+01    2.90533e-06

DD  step 234999  vol min/aver 0.763  load imb.: force  5.4%  pme mesh/force 0.497

           Step           Time
         235000      470.00000

   Energies (kJ/mol)
           Bond          Angle    Proper Dih.  Improper Dih.          LJ-14
    1.60990e+03    3.86875e+03    5.12470e+03    2.79580e+02    1.82029e+03
     Coulomb-14        LJ (SR)  Disper. corr.   Coulomb (SR)   Coul. recip.
    1.60256e+04    7.22240e+04   -4.80834e+03   -6.09154e+05    3.38556e+03
      Potential    Kinetic En.   Total Energy  Conserved En.    Temperature
   -5.09624e+05    9.73503e+04   -4.12274e+05   -4.09265e+05    3.01200e+02
 Pres. DC (bar) Pressure (bar)   Constr. rmsd
   -2.07442e+02   -1.11811e+02    2.96021e-06

DD  step 239999  vol min/aver 0.844  load imb.: force  2.1%  pme mesh/force 0.502

           Step           Time
         240000      480.00000

   Energies (kJ/mol)
           Bond          Angle    Proper Dih.  Improper Dih.          LJ-14
    1.46396e+03    3.84454e+03    5.03288e+03    2.38140e+02    1.90823e+03
     Coulomb-14        LJ (SR)  Disper. corr.   Coulomb (SR)   Coul. recip.
    1.61798e+04    7.24870e+04   -4.80239e+03   -6.09330e+05    3.45480e+03
      Potential    Kinetic En.   Total Energy  Conserved En.    Temperature
   -5.09523e+05    9.65170e+04   -4.13006e+05   -4.09243e+05    2.98622e+02
 Pres. DC (bar) Pressure (bar)   Constr. rmsd
   -2.06929e+02    7.35201e+01    2.69057e-06

DD  step 244999  vol min/aver 0.854  load imb.: force  1.9%  pme mesh/force 0.500

           Step           Time
         245000      490.00000

   Energies (kJ/mol)
           Bond          Angle    Proper Dih.  Improper Dih.          LJ-14
    1.57582e+03    3.92040e+03    5.14470e+03    2.75306e+02    1.89565e+03
     Coulomb-14        LJ (SR)  Disper. corr.   Coulomb (SR)   Coul. recip.
    1.61470e+04    7.15833e+04   -4.80659e+03   -6.07963e+05    3.39016e+03
      Potential    Kinetic En.   Total Energy  Conserved En.    Temperature
   -5.08837e+05    9.78050e+04   -4.11032e+05   -4.09211e+05    3.02607e+02
 Pres. DC (bar) Pressure (bar)   Constr. rmsd
   -2.07291e+02   -1.50925e+02    3.37334e-06

DD  step 249999  vol min/aver 0.849  load imb.: force  1.5%  pme mesh/force 0.503

           Step           Time
         250000      500.00000

Writing checkpoint, step 250000 at Sun Jan 24 13:08:24 2021


   Energies (kJ/mol)
           Bond          Angle    Proper Dih.  Improper Dih.          LJ-14
    1.63178e+03    3.84831e+03    5.09496e+03    2.82343e+02    1.90599e+03
     Coulomb-14        LJ (SR)  Disper. corr.   Coulomb (SR)   Coul. recip.
    1.63195e+04    7.20196e+04   -4.79813e+03   -6.06527e+05    3.38902e+03
      Potential    Kinetic En.   Total Energy  Conserved En.    Temperature
   -5.06834e+05    9.74819e+04   -4.09352e+05   -4.09180e+05    3.01607e+02
 Pres. DC (bar) Pressure (bar)   Constr. rmsd
   -2.06563e+02    4.27840e+01    2.77401e-06

	<======  ###############  ==>
	<====  A V E R A G E S  ====>
	<==  ###############  ======>

	Statistics over 250001 steps using 2501 frames

   Energies (kJ/mol)
           Bond          Angle    Proper Dih.  Improper Dih.          LJ-14
    1.58336e+03    3.88916e+03    5.10820e+03    2.67005e+02    1.87394e+03
     Coulomb-14        LJ (SR)  Disper. corr.   Coulomb (SR)   Coul. recip.
    1.61407e+04    7.23041e+04   -4.80263e+03   -6.08247e+05    3.45142e+03
      Potential    Kinetic En.   Total Energy  Conserved En.    Temperature
   -5.08432e+05    9.69769e+04   -4.11455e+05   -4.10006e+05    3.00045e+02
 Pres. DC (bar) Pressure (bar)   Constr. rmsd
   -2.06951e+02   -1.06670e+00    0.00000e+00

          Box-X          Box-Y          Box-Z
    7.27996e+00    7.27996e+00    7.27996e+00

   Total Virial (kJ/mol)
    3.23181e+04    1.76627e+01   -2.41450e+01
    1.76167e+01    3.23341e+04    6.36045e+00
   -2.40094e+01    6.47871e+00    3.23661e+04

   Pressure (bar)
    1.91779e+00   -2.10397e+00    2.07012e+00
   -2.10000e+00   -8.77490e-01   -1.88484e+00
    2.05845e+00   -1.89503e+00   -4.24039e+00

      T-Protein  T-non-Protein
    3.00323e+02    3.00026e+02


	M E G A - F L O P S   A C C O U N T I N G

 NB=Group-cutoff nonbonded kernels    NxN=N-by-N cluster Verlet kernels
 RF=Reaction-Field  VdW=Van der Waals  QSTab=quadratic-spline table
 W3=SPC/TIP3p  W4=TIP4p (single or pairs)
 V&F=Potential and force  V=Potential only  F=Force only

 Computing:                               M-Number         M-Flops  % Flops
-----------------------------------------------------------------------------
 Pair Search distance check           73163.940712      658475.466     0.2
 NxN Ewald Elec. + LJ [F]           2506111.742584   165403375.011    51.7
 NxN Ewald Elec. + LJ [V&F]           25324.829176     2709756.722     0.8
 NxN Ewald Elec. [F]                2200989.458008   134260356.938    41.9
 NxN Ewald Elec. [V&F]                22241.219256     1868262.418     0.6
 1,4 nonbonded interactions            1276.505106      114885.460     0.0
 Calc Weights                         28777.615110     1035994.144     0.3
 Spread Q Bspline                    613922.455680     1227844.911     0.4
 Gather F Bspline                    613922.455680     3683534.734     1.2
 3D-FFT                              926481.705912     7411853.647     2.3
 Solve PME                              576.002304       36864.147     0.0
 Reset In Box                           191.811630         575.435     0.0
 CG-CoM                                 191.888370         575.665     0.0
 Bonds                                  256.251025       15118.810     0.0
 Angles                                 886.753547      148974.596     0.0
 Propers                               1393.505574      319112.776     0.1
 Impropers                              106.500426       22152.089     0.0
 Virial                                 986.289450       17753.210     0.0
 Stop-CM                                 95.963370         959.634     0.0
 Calc-Ekin                             1918.576740       51801.572     0.0
 Lincs                                  272.647563       16358.854     0.0
 Lincs-Mat                             1411.031964        5644.128     0.0
 Constraint-V                         10813.666368       86509.331     0.0
 Constraint-Vir                        1054.139775       25299.355     0.0
 Settle                                3422.790414     1105561.304     0.3
-----------------------------------------------------------------------------
 Total                                               320227600.357   100.0
-----------------------------------------------------------------------------


    D O M A I N   D E C O M P O S I T I O N   S T A T I S T I C S

 av. #atoms communicated per step for force:  2 x 81368.0
 av. #atoms communicated per step for LINCS:  2 x 4966.0


 Dynamic load balancing report:
 DLB was turned on during the run due to measured imbalance.
 Average load imbalance: 2.5%.
 The balanceable part of the MD step is 86%, load imbalance is computed from this.
 Part of the total run time spent waiting due to load imbalance: 2.1%.
 Steps where the load balancing was limited by -rdd, -rcon and/or -dds: X 0 % Y 0 %
 Average PME mesh/force load: 0.497
 Part of the total run time spent waiting due to PP/PME imbalance: 11.2 %

NOTE: 11.2 % performance was lost because the PME ranks
      had less work to do than the PP ranks.
      You might want to decrease the number of PME ranks
      or decrease the cut-off and the grid spacing.


     R E A L   C Y C L E   A N D   T I M E   A C C O U N T I N G

On 24 MPI ranks doing PP, and
on 8 MPI ranks doing PME

 Computing:          Num   Num      Call    Wall time         Giga-Cycles
                     Ranks Threads  Count      (s)         total sum    %
-----------------------------------------------------------------------------
 Domain decomp.        24    1       5000       5.239        352.070   1.0
 DD comm. load         24    1       5000       0.024          1.582   0.0
 DD comm. bounds       24    1       4838       0.163         10.921   0.0
 Send X to PME         24    1     250001       1.495        100.445   0.3
 Neighbor search       24    1       5001      14.269        958.907   2.7
 Comm. coord.          24    1     245000       8.646        580.994   1.7
 Force                 24    1     250001     322.119      21646.375  61.8
 Wait + Comm. F        24    1     250001      19.783       1329.443   3.8
 PME mesh *             8    1     250001     170.837       3826.748  10.9
 PME wait for PP *                            219.915       4926.084  14.1
 Wait + Recv. PME F    24    1     250001       1.003         67.386   0.2
 NB X/F buffer ops.    24    1     740001       4.786        321.630   0.9
 Write traj.           24    1         51       0.019          1.300   0.0
 Update                24    1     250001       1.068         71.744   0.2
 Constraints           24    1     250001       9.676        650.211   1.9
 Comm. energies        24    1      25001       0.892         59.965   0.2
 Rest                                           1.571        105.563   0.3
-----------------------------------------------------------------------------
 Total                                        390.752      35011.380 100.0
-----------------------------------------------------------------------------
(*) Note that with separate PME ranks, the walltime column actually sums to
    twice the total reported, but the cycle count total and % are correct.
-----------------------------------------------------------------------------
 Breakdown of PME mesh computation
-----------------------------------------------------------------------------
 PME redist. X/F        8    1     500002      18.750        420.007   1.2
 PME spread             8    1     250001      53.364       1195.363   3.4
 PME gather             8    1     250001      48.056       1076.451   3.1
 PME 3D-FFT             8    1     500002      32.134        719.792   2.1
 PME 3D-FFT Comm.       8    1     500002      10.645        238.439   0.7
 PME solve Elec         8    1     250001       7.714        172.798   0.5
-----------------------------------------------------------------------------

               Core t (s)   Wall t (s)        (%)
       Time:    12504.066      390.752     3200.0
                 (ns/day)    (hour/ns)
Performance:      110.556        0.217
Finished mdrun on rank 0 Sun Jan 24 13:08:24 2021
