module: loading 'gromacs/2018.2'
                      :-) GROMACS - gmx grompp, 2018.2 (-:

                            GROMACS is written by:
     Emile Apol      Rossen Apostolov      Paul Bauer     Herman J.C. Berendsen
    Par Bjelkmar    Aldert van Buuren   Rudi van Drunen     Anton Feenstra  
  Gerrit Groenhof    Aleksei Iupinov   Christoph Junghans   Anca Hamuraru   
 Vincent Hindriksen Dimitrios Karkoulis    Peter Kasson        Jiri Kraus    
  Carsten Kutzner      Per Larsson      Justin A. Lemkul    Viveca Lindahl  
  Magnus Lundborg   Pieter Meulenhoff    Erik Marklund      Teemu Murtola   
    Szilard Pall       Sander Pronk      Roland Schulz     Alexey Shvetsov  
   Michael Shirts     Alfons Sijbers     Peter Tieleman    Teemu Virolainen 
 Christian Wennberg    Maarten Wolf   
                           and the project leaders:
        Mark Abraham, Berk Hess, Erik Lindahl, and David van der Spoel

Copyright (c) 1991-2000, University of Groningen, The Netherlands.
Copyright (c) 2001-2017, The GROMACS development team at
Uppsala University, Stockholm University and
the Royal Institute of Technology, Sweden.
check out http://www.gromacs.org for more information.

GROMACS is free software; you can redistribute it and/or modify it
under the terms of the GNU Lesser General Public License
as published by the Free Software Foundation; either version 2.1
of the License, or (at your option) any later version.

GROMACS:      gmx grompp, version 2018.2
Executable:   /gpfs/runtime/opt/gromacs/2018.2/bin/gmx
Data prefix:  /gpfs/runtime/opt/gromacs/2018.2
Working dir:  /gpfs/data/brubenst/gmontei2/htmd/gromacs/adaptivemd/input/e1s1_generators
Command line:
  gmx grompp -f md.mdp -p /users/gmontei2/data_brubenst/gmontei2/htmd/gromacs/protein.top -c ./input.gro -o md.tpr -maxwarn 2

Ignoring obsolete mdp entry 'title'
Setting the LD random seed to 1548683608
Generated 2211 of the 2211 non-bonded parameter combinations
Generating 1-4 interactions: fudge = 0.5
Generated 2211 of the 2211 1-4 parameter combinations
Excluding 3 bonded neighbours molecule type 'Protein'
Excluding 2 bonded neighbours molecule type 'SOL'
Excluding 2 bonded neighbours molecule type 'SOL'
Excluding 1 bonded neighbours molecule type 'CL'
Removing all charge groups because cutoff-scheme=Verlet
Number of degrees of freedom in T-Coupling group Protein is 4920.81
Number of degrees of freedom in T-Coupling group non-Protein is 72825.19
Estimate for the relative computational load of the PME mesh part: 0.19

GROMACS reminds you: "I'm Only Faking When I Get It Right" (Soundgarden)

